\BOOKMARK [1][-]{Doc-Start}{Abbildungsverzeichnis}{}% 1
\BOOKMARK [1][-]{Doc-Start}{Abk\374rzungsverzeichnis}{}% 2
\BOOKMARK [1][-]{section.1}{Einleitung}{}% 3
\BOOKMARK [2][-]{subsection.1.1}{Motivation und Zielsetzung}{section.1}% 4
\BOOKMARK [2][-]{subsection.1.2}{Aufbau der Arbeit}{section.1}% 5
\BOOKMARK [1][-]{section.2}{LabVIEW als Programmiersprache}{}% 6
\BOOKMARK [1][-]{section.3}{Implementierung des Projekts}{}% 7
\BOOKMARK [2][-]{subsection.3.1}{Grafische Oberfl\344che}{section.3}% 8
\BOOKMARK [2][-]{subsection.3.2}{Projekt Design}{section.3}% 9
\BOOKMARK [2][-]{subsection.3.3}{Test Plan}{section.3}% 10
\BOOKMARK [2][-]{subsection.3.4}{Dokumentation}{section.3}% 11
\BOOKMARK [2][-]{subsection.3.5}{Stand-Alone Applikation}{section.3}% 12
\BOOKMARK [1][-]{section.4}{Abschlie\337ende Betrachtung}{}% 13
\BOOKMARK [1][-]{section.4}{Literaturverzeichnis}{}% 14
\BOOKMARK [1][-]{section.4}{Anhang}{}% 15
\BOOKMARK [2][-]{subsection.A.1}{Text}{section.4}% 16
\BOOKMARK [2][-]{subsection.A.2}{Text}{section.4}% 17
\BOOKMARK [2][-]{subsection.A.3}{Text}{section.4}% 18
\BOOKMARK [2][-]{subsection.A.4}{Text}{section.4}% 19
\BOOKMARK [1][-]{subsection.A.4}{Erkl\344rung}{}% 20
