This is pdfTeX, Version 3.1415926-1.40.11 (MiKTeX 2.9) (preloaded format=pdflatex 2010.12.6)  11 JUN 2011 17:18
entering extended mode
**Projektarbeit.tex
(D:\DHBW_Sem6\Studienarbeit\party-licht-steuerung\Tex\Projektarbeit.tex
LaTeX2e <2009/09/24>
Babel <v3.8l> and hyphenation patterns for english, afrikaans, ancientgreek, ar
abic, armenian, assamese, basque, bengali, bokmal, bulgarian, catalan, coptic, 
croatian, czech, danish, dutch, esperanto, estonian, farsi, finnish, french, ga
lician, german, german-x-2009-06-19, greek, gujarati, hindi, hungarian, iceland
ic, indonesian, interlingua, irish, italian, kannada, kurmanji, lao, latin, lat
vian, lithuanian, malayalam, marathi, mongolian, mongolianlmc, monogreek, ngerm
an, ngerman-x-2009-06-19, nynorsk, oriya, panjabi, pinyin, polish, portuguese, 
romanian, russian, sanskrit, serbian, slovak, slovenian, spanish, swedish, swis
sgerman, tamil, telugu, turkish, turkmen, ukenglish, ukrainian, uppersorbian, u
senglishmax, welsh, loaded.
("C:\Program Files\MiKTeX 2.9\tex\latex\base\article.cls"
Document Class: article 2007/10/19 v1.4h Standard LaTeX document class
("C:\Program Files\MiKTeX 2.9\tex\latex\base\size12.clo"
File: size12.clo 2007/10/19 v1.4h Standard LaTeX file (size option)
)
\c@part=\count79
\c@section=\count80
\c@subsection=\count81
\c@subsubsection=\count82
\c@paragraph=\count83
\c@subparagraph=\count84
\c@figure=\count85
\c@table=\count86
\abovecaptionskip=\skip41
\belowcaptionskip=\skip42
\bibindent=\dimen102
)
("C:\Program Files\MiKTeX 2.9\tex\latex\geometry\geometry.sty"
Package: geometry 2010/09/12 v5.6 Page Geometry

("C:\Program Files\MiKTeX 2.9\tex\latex\graphics\keyval.sty"
Package: keyval 1999/03/16 v1.13 key=value parser (DPC)
\KV@toks@=\toks14
)
("C:\Program Files\MiKTeX 2.9\tex\generic\oberdiek\ifpdf.sty"
Package: ifpdf 2010/01/28 v2.1 Provides the ifpdf switch (HO)
Package ifpdf Info: pdfTeX in pdf mode detected.
)
("C:\Program Files\MiKTeX 2.9\tex\generic\oberdiek\ifvtex.sty"
Package: ifvtex 2010/03/01 v1.5 Switches for detecting VTeX and its modes (HO)
Package ifvtex Info: VTeX not detected.
)
("C:\Program Files\MiKTeX 2.9\tex\generic\ifxetex\ifxetex.sty"
Package: ifxetex 2010/09/12 v0.6 Provides ifxetex conditional
)
\Gm@cnth=\count87
\Gm@cntv=\count88
\c@Gm@tempcnt=\count89
\Gm@bindingoffset=\dimen103
\Gm@wd@mp=\dimen104
\Gm@odd@mp=\dimen105
\Gm@even@mp=\dimen106
\Gm@layoutwidth=\dimen107
\Gm@layoutheight=\dimen108
\Gm@layouthoffset=\dimen109
\Gm@layoutvoffset=\dimen110
\Gm@dimlist=\toks15

("C:\Program Files\MiKTeX 2.9\tex\latex\geometry\geometry.cfg"))
("C:\Program Files\MiKTeX 2.9\tex\latex\base\fontenc.sty"
Package: fontenc 2005/09/27 v1.99g Standard LaTeX package

("C:\Program Files\MiKTeX 2.9\tex\latex\base\t1enc.def"
File: t1enc.def 2005/09/27 v1.99g Standard LaTeX file
LaTeX Font Info:    Redeclaring font encoding T1 on input line 43.
))
("C:\Program Files\MiKTeX 2.9\tex\latex\base\inputenc.sty"
Package: inputenc 2008/03/30 v1.1d Input encoding file
\inpenc@prehook=\toks16
\inpenc@posthook=\toks17

("C:\Program Files\MiKTeX 2.9\tex\latex\base\utf8.def"
File: utf8.def 2008/04/05 v1.1m UTF-8 support for inputenc
Now handling font encoding OML ...
... no UTF-8 mapping file for font encoding OML
Now handling font encoding T1 ...
... processing UTF-8 mapping file for font encoding T1

("C:\Program Files\MiKTeX 2.9\tex\latex\base\t1enc.dfu"
File: t1enc.dfu 2008/04/05 v1.1m UTF-8 support for inputenc
   defining Unicode char U+00A1 (decimal 161)
   defining Unicode char U+00A3 (decimal 163)
   defining Unicode char U+00AB (decimal 171)
   defining Unicode char U+00BB (decimal 187)
   defining Unicode char U+00BF (decimal 191)
   defining Unicode char U+00C0 (decimal 192)
   defining Unicode char U+00C1 (decimal 193)
   defining Unicode char U+00C2 (decimal 194)
   defining Unicode char U+00C3 (decimal 195)
   defining Unicode char U+00C4 (decimal 196)
   defining Unicode char U+00C5 (decimal 197)
   defining Unicode char U+00C6 (decimal 198)
   defining Unicode char U+00C7 (decimal 199)
   defining Unicode char U+00C8 (decimal 200)
   defining Unicode char U+00C9 (decimal 201)
   defining Unicode char U+00CA (decimal 202)
   defining Unicode char U+00CB (decimal 203)
   defining Unicode char U+00CC (decimal 204)
   defining Unicode char U+00CD (decimal 205)
   defining Unicode char U+00CE (decimal 206)
   defining Unicode char U+00CF (decimal 207)
   defining Unicode char U+00D0 (decimal 208)
   defining Unicode char U+00D1 (decimal 209)
   defining Unicode char U+00D2 (decimal 210)
   defining Unicode char U+00D3 (decimal 211)
   defining Unicode char U+00D4 (decimal 212)
   defining Unicode char U+00D5 (decimal 213)
   defining Unicode char U+00D6 (decimal 214)
   defining Unicode char U+00D8 (decimal 216)
   defining Unicode char U+00D9 (decimal 217)
   defining Unicode char U+00DA (decimal 218)
   defining Unicode char U+00DB (decimal 219)
   defining Unicode char U+00DC (decimal 220)
   defining Unicode char U+00DD (decimal 221)
   defining Unicode char U+00DE (decimal 222)
   defining Unicode char U+00DF (decimal 223)
   defining Unicode char U+00E0 (decimal 224)
   defining Unicode char U+00E1 (decimal 225)
   defining Unicode char U+00E2 (decimal 226)
   defining Unicode char U+00E3 (decimal 227)
   defining Unicode char U+00E4 (decimal 228)
   defining Unicode char U+00E5 (decimal 229)
   defining Unicode char U+00E6 (decimal 230)
   defining Unicode char U+00E7 (decimal 231)
   defining Unicode char U+00E8 (decimal 232)
   defining Unicode char U+00E9 (decimal 233)
   defining Unicode char U+00EA (decimal 234)
   defining Unicode char U+00EB (decimal 235)
   defining Unicode char U+00EC (decimal 236)
   defining Unicode char U+00ED (decimal 237)
   defining Unicode char U+00EE (decimal 238)
   defining Unicode char U+00EF (decimal 239)
   defining Unicode char U+00F0 (decimal 240)
   defining Unicode char U+00F1 (decimal 241)
   defining Unicode char U+00F2 (decimal 242)
   defining Unicode char U+00F3 (decimal 243)
   defining Unicode char U+00F4 (decimal 244)
   defining Unicode char U+00F5 (decimal 245)
   defining Unicode char U+00F6 (decimal 246)
   defining Unicode char U+00F8 (decimal 248)
   defining Unicode char U+00F9 (decimal 249)
   defining Unicode char U+00FA (decimal 250)
   defining Unicode char U+00FB (decimal 251)
   defining Unicode char U+00FC (decimal 252)
   defining Unicode char U+00FD (decimal 253)
   defining Unicode char U+00FE (decimal 254)
   defining Unicode char U+00FF (decimal 255)
   defining Unicode char U+0102 (decimal 258)
   defining Unicode char U+0103 (decimal 259)
   defining Unicode char U+0104 (decimal 260)
   defining Unicode char U+0105 (decimal 261)
   defining Unicode char U+0106 (decimal 262)
   defining Unicode char U+0107 (decimal 263)
   defining Unicode char U+010C (decimal 268)
   defining Unicode char U+010D (decimal 269)
   defining Unicode char U+010E (decimal 270)
   defining Unicode char U+010F (decimal 271)
   defining Unicode char U+0110 (decimal 272)
   defining Unicode char U+0111 (decimal 273)
   defining Unicode char U+0118 (decimal 280)
   defining Unicode char U+0119 (decimal 281)
   defining Unicode char U+011A (decimal 282)
   defining Unicode char U+011B (decimal 283)
   defining Unicode char U+011E (decimal 286)
   defining Unicode char U+011F (decimal 287)
   defining Unicode char U+0130 (decimal 304)
   defining Unicode char U+0131 (decimal 305)
   defining Unicode char U+0132 (decimal 306)
   defining Unicode char U+0133 (decimal 307)
   defining Unicode char U+0139 (decimal 313)
   defining Unicode char U+013A (decimal 314)
   defining Unicode char U+013D (decimal 317)
   defining Unicode char U+013E (decimal 318)
   defining Unicode char U+0141 (decimal 321)
   defining Unicode char U+0142 (decimal 322)
   defining Unicode char U+0143 (decimal 323)
   defining Unicode char U+0144 (decimal 324)
   defining Unicode char U+0147 (decimal 327)
   defining Unicode char U+0148 (decimal 328)
   defining Unicode char U+014A (decimal 330)
   defining Unicode char U+014B (decimal 331)
   defining Unicode char U+0150 (decimal 336)
   defining Unicode char U+0151 (decimal 337)
   defining Unicode char U+0152 (decimal 338)
   defining Unicode char U+0153 (decimal 339)
   defining Unicode char U+0154 (decimal 340)
   defining Unicode char U+0155 (decimal 341)
   defining Unicode char U+0158 (decimal 344)
   defining Unicode char U+0159 (decimal 345)
   defining Unicode char U+015A (decimal 346)
   defining Unicode char U+015B (decimal 347)
   defining Unicode char U+015E (decimal 350)
   defining Unicode char U+015F (decimal 351)
   defining Unicode char U+0160 (decimal 352)
   defining Unicode char U+0161 (decimal 353)
   defining Unicode char U+0162 (decimal 354)
   defining Unicode char U+0163 (decimal 355)
   defining Unicode char U+0164 (decimal 356)
   defining Unicode char U+0165 (decimal 357)
   defining Unicode char U+016E (decimal 366)
   defining Unicode char U+016F (decimal 367)
   defining Unicode char U+0170 (decimal 368)
   defining Unicode char U+0171 (decimal 369)
   defining Unicode char U+0178 (decimal 376)
   defining Unicode char U+0179 (decimal 377)
   defining Unicode char U+017A (decimal 378)
   defining Unicode char U+017B (decimal 379)
   defining Unicode char U+017C (decimal 380)
   defining Unicode char U+017D (decimal 381)
   defining Unicode char U+017E (decimal 382)
   defining Unicode char U+200C (decimal 8204)
   defining Unicode char U+2013 (decimal 8211)
   defining Unicode char U+2014 (decimal 8212)
   defining Unicode char U+2018 (decimal 8216)
   defining Unicode char U+2019 (decimal 8217)
   defining Unicode char U+201A (decimal 8218)
   defining Unicode char U+201C (decimal 8220)
   defining Unicode char U+201D (decimal 8221)
   defining Unicode char U+201E (decimal 8222)
   defining Unicode char U+2030 (decimal 8240)
   defining Unicode char U+2031 (decimal 8241)
   defining Unicode char U+2039 (decimal 8249)
   defining Unicode char U+203A (decimal 8250)
   defining Unicode char U+2423 (decimal 9251)
)
Now handling font encoding OT1 ...
... processing UTF-8 mapping file for font encoding OT1

("C:\Program Files\MiKTeX 2.9\tex\latex\base\ot1enc.dfu"
File: ot1enc.dfu 2008/04/05 v1.1m UTF-8 support for inputenc
   defining Unicode char U+00A1 (decimal 161)
   defining Unicode char U+00A3 (decimal 163)
   defining Unicode char U+00B8 (decimal 184)
   defining Unicode char U+00BF (decimal 191)
   defining Unicode char U+00C5 (decimal 197)
   defining Unicode char U+00C6 (decimal 198)
   defining Unicode char U+00D8 (decimal 216)
   defining Unicode char U+00DF (decimal 223)
   defining Unicode char U+00E6 (decimal 230)
   defining Unicode char U+00EC (decimal 236)
   defining Unicode char U+00ED (decimal 237)
   defining Unicode char U+00EE (decimal 238)
   defining Unicode char U+00EF (decimal 239)
   defining Unicode char U+00F8 (decimal 248)
   defining Unicode char U+0131 (decimal 305)
   defining Unicode char U+0141 (decimal 321)
   defining Unicode char U+0142 (decimal 322)
   defining Unicode char U+0152 (decimal 338)
   defining Unicode char U+0153 (decimal 339)
   defining Unicode char U+2013 (decimal 8211)
   defining Unicode char U+2014 (decimal 8212)
   defining Unicode char U+2018 (decimal 8216)
   defining Unicode char U+2019 (decimal 8217)
   defining Unicode char U+201C (decimal 8220)
   defining Unicode char U+201D (decimal 8221)
)
Now handling font encoding OMS ...
... processing UTF-8 mapping file for font encoding OMS

("C:\Program Files\MiKTeX 2.9\tex\latex\base\omsenc.dfu"
File: omsenc.dfu 2008/04/05 v1.1m UTF-8 support for inputenc
   defining Unicode char U+00A7 (decimal 167)
   defining Unicode char U+00B6 (decimal 182)
   defining Unicode char U+00B7 (decimal 183)
   defining Unicode char U+2020 (decimal 8224)
   defining Unicode char U+2021 (decimal 8225)
   defining Unicode char U+2022 (decimal 8226)
)
Now handling font encoding OMX ...
... no UTF-8 mapping file for font encoding OMX
Now handling font encoding U ...
... no UTF-8 mapping file for font encoding U
   defining Unicode char U+00A9 (decimal 169)
   defining Unicode char U+00AA (decimal 170)
   defining Unicode char U+00AE (decimal 174)
   defining Unicode char U+00BA (decimal 186)
   defining Unicode char U+02C6 (decimal 710)
   defining Unicode char U+02DC (decimal 732)
   defining Unicode char U+200C (decimal 8204)
   defining Unicode char U+2026 (decimal 8230)
   defining Unicode char U+2122 (decimal 8482)
   defining Unicode char U+2423 (decimal 9251)
))
("C:\Program Files\MiKTeX 2.9\tex\latex\psnfss\helvet.sty"
Package: helvet 2005/04/12 PSNFSS-v9.2a (WaS) 
)
LaTeX Font Info:    Try loading font information for T1+phv on input line 9.

("C:\Program Files\MiKTeX 2.9\tex\latex\psnfss\t1phv.fd"
File: t1phv.fd 2001/06/04 scalable font definitions for T1/phv.
)
("C:\Program Files\MiKTeX 2.9\tex\latex\graphics\graphicx.sty"
Package: graphicx 1999/02/16 v1.0f Enhanced LaTeX Graphics (DPC,SPQR)

("C:\Program Files\MiKTeX 2.9\tex\latex\graphics\graphics.sty"
Package: graphics 2009/02/05 v1.0o Standard LaTeX Graphics (DPC,SPQR)

("C:\Program Files\MiKTeX 2.9\tex\latex\graphics\trig.sty"
Package: trig 1999/03/16 v1.09 sin cos tan (DPC)
)
("C:\Program Files\MiKTeX 2.9\tex\latex\00miktex\graphics.cfg"
File: graphics.cfg 2007/01/18 v1.5 graphics configuration of teTeX/TeXLive
)
Package graphics Info: Driver file: pdftex.def on input line 91.

("C:\Program Files\MiKTeX 2.9\tex\latex\pdftex-def\pdftex.def"
File: pdftex.def 2010/09/14 v0.05b Graphics/color for pdfTeX
\Gread@gobject=\count90
))
\Gin@req@height=\dimen111
\Gin@req@width=\dimen112
)
("C:\Program Files\MiKTeX 2.9\tex\latex\fancyhdr\fancyhdr.sty"
\fancy@headwidth=\skip43
\f@ncyO@elh=\skip44
\f@ncyO@erh=\skip45
\f@ncyO@olh=\skip46
\f@ncyO@orh=\skip47
\f@ncyO@elf=\skip48
\f@ncyO@erf=\skip49
\f@ncyO@olf=\skip50
\f@ncyO@orf=\skip51
)
("C:\Program Files\MiKTeX 2.9\tex\latex\cite\cite.sty"
LaTeX Info: Redefining \cite on input line 302.
LaTeX Info: Redefining \nocite on input line 373.
Package: cite 2010/09/10  v 5.3
)
("C:\Program Files\MiKTeX 2.9\tex\latex\tocbibind\tocbibind.sty"
Package: tocbibind 2010/10/13 v1.5k extra ToC listings
Package tocbibind Info: The document has section divisions on input line 50.


Package tocbibind Note: Using section or other style headings.

) ("C:\Program Files\MiKTeX 2.9\tex\generic\babel\babel.sty"
Package: babel 2008/07/06 v3.8l The Babel package

*************************************
* Local config file bblopts.cfg used
*
("C:\Program Files\MiKTeX 2.9\tex\latex\00miktex\bblopts.cfg"
File: bblopts.cfg 2006/07/31 v1.0 MiKTeX 'babel' configuration
)
("C:\Program Files\MiKTeX 2.9\tex\generic\babel\english.ldf"
Language: english 2005/03/30 v3.3o English support from the babel system

("C:\Program Files\MiKTeX 2.9\tex\generic\babel\babel.def"
File: babel.def 2008/07/06 v3.8l Babel common definitions
\babel@savecnt=\count91
\U@D=\dimen113
)
\l@canadian = a dialect from \language\l@american 
\l@australian = a dialect from \language\l@british 
\l@newzealand = a dialect from \language\l@british 
)
("C:\Program Files\MiKTeX 2.9\tex\generic\babel\ngermanb.ldf"
Language: ngermanb 2008/07/06 v2.6n new German support from the babel system
\l@naustrian = a dialect from \language\l@ngerman 
Package babel Info: Making " an active character on input line 92.
))
("C:\Program Files\MiKTeX 2.9\tex\latex\germbib\bibgerm.sty"
Package: bibgerm 2000/08/18 v0.1 Support for mixed language bibliographies

** Macros for german `BibTeX'ing added to Style Option `german' 20 Apr 1993 **
** idea and languages `german' and `USenglish' implemented by M. Wallmeier **
** Modified for LaTeX 2e and german.sty 2.5b by A. Scherer 1 Nov 1995 **
** Modified for ngerman.sty and babel.sty by H. Harders 21 August 2000 **)
("C:\Program Files\MiKTeX 2.9\tex\latex\natbib\natbib.sty"
Package: natbib 2009/11/07 8.31a (PWD, AO)


Package natbib Warning: The `cite' package should not be used
(natbib)                with natbib. Use option `sort' instead.

\bibhang=\skip52
\bibsep=\skip53
LaTeX Info: Redefining \cite on input line 694.
LaTeX Info: Redefining \citenum on input line 708.
\c@NAT@ctr=\count92
) ("C:\Program Files\MiKTeX 2.9\tex\latex\ltxmisc\url.sty"
\Urlmuskip=\muskip10
Package: url 2006/04/12  ver 3.3  Verb mode for urls, etc.
)
("C:\Program Files\MiKTeX 2.9\tex\latex\nomencl\nomencl.sty"
Package: nomencl 2005/09/22 v4.2 Nomenclature package (LN)
\nomlabelwidth=\dimen114
\nom@tempdim=\dimen115
\nomitemsep=\skip54
)
("C:\Program Files\MiKTeX 2.9\tex\latex\listings\listings.sty"
\lst@mode=\count93
\lst@gtempboxa=\box26
\lst@token=\toks18
\lst@length=\count94
\lst@currlwidth=\dimen116
\lst@column=\count95
\lst@pos=\count96
\lst@lostspace=\dimen117
\lst@width=\dimen118
\lst@newlines=\count97
\lst@lineno=\count98
\lst@maxwidth=\dimen119

("C:\Program Files\MiKTeX 2.9\tex\latex\listings\lstmisc.sty"
File: lstmisc.sty 2007/02/22 1.4 (Carsten Heinz)
\c@lstnumber=\count99
\lst@skipnumbers=\count100
\lst@framebox=\box27
)
("C:\Program Files\MiKTeX 2.9\tex\latex\listings\listings.cfg"
File: listings.cfg 2007/02/22 1.4 listings configuration
))
Package: listings 2007/02/22 1.4 (Carsten Heinz)

("C:\Program Files\MiKTeX 2.9\tex\latex\picins\picins.sty"
Option `picins' Version 3.0 Sep. 1992, TH Darmstadt/HRZ
\@BILD=\box28
\@TEXT=\box29
\d@breite=\dimen120
\d@hoehe=\dimen121
\d@xoff=\dimen122
\d@yoff=\dimen123
\d@shad=\dimen124
\d@dash=\dimen125
\d@boxl=\dimen126
\d@pichskip=\dimen127
\d@tmp=\dimen128
\d@tmpa=\dimen129
\d@bskip=\dimen130
\hsiz@=\dimen131
\p@getot@l=\dimen132
\c@breite=\count101
\c@hoehe=\count102
\c@xoff=\count103
\c@yoff=\count104
\c@pos=\count105
\c@shad=\count106
\c@dash=\count107
\c@boxl=\count108
\c@zeilen=\count109
\@changemode=\count110
\c@piccaption=\count111
\c@piccaptionpos=\count112
\c@picpos=\count113
\c@whole=\count114
\c@half=\count115
\c@tmp=\count116
\c@tmpa=\count117
\c@tmpb=\count118
\c@tmpc=\count119
\c@tmpd=\count120
\d@leftskip=\skip55
\ptoti=\dimen133
\ptotii=\dimen134
\env@box=\box30
\d@envdp=\dimen135
\c@hsize=\count121
\c@envdp=\count122
\d@envb=\dimen136
)
("C:\Program Files\MiKTeX 2.9\tex\latex\graphics\color.sty"
Package: color 2005/11/14 v1.0j Standard LaTeX Color (DPC)

("C:\Program Files\MiKTeX 2.9\tex\latex\00miktex\color.cfg"
File: color.cfg 2007/01/18 v1.5 color configuration of teTeX/TeXLive
)
Package color Info: Driver file: pdftex.def on input line 130.
)
("C:\Program Files\MiKTeX 2.9\tex\latex\tools\indentfirst.sty"
Package: indentfirst 1995/11/23 v1.03 Indent first paragraph (DPC)
)
("C:\Program Files\MiKTeX 2.9\tex\latex\titlesec\titlesec.sty"
Package: titlesec 2007/08/12 v2.8 Sectioning titles
\ttl@box=\box31
\beforetitleunit=\skip56
\aftertitleunit=\skip57
\ttl@plus=\dimen137
\ttl@minus=\dimen138
\ttl@toksa=\toks19
\titlewidth=\dimen139
\titlewidthlast=\dimen140
\titlewidthfirst=\dimen141
)
("C:\Program Files\MiKTeX 2.9\tex\latex\titlesec\titletoc.sty"
Package: titletoc 2007/08/12 v1.6 TOC entries
\ttl@leftsep=\dimen142
)
("C:\Program Files\MiKTeX 2.9\tex\latex\ams\math\amsmath.sty"
Package: amsmath 2000/07/18 v2.13 AMS math features
\@mathmargin=\skip58

For additional information on amsmath, use the `?' option.
("C:\Program Files\MiKTeX 2.9\tex\latex\ams\math\amstext.sty"
Package: amstext 2000/06/29 v2.01

("C:\Program Files\MiKTeX 2.9\tex\latex\ams\math\amsgen.sty"
File: amsgen.sty 1999/11/30 v2.0
\@emptytoks=\toks20
\ex@=\dimen143
))
("C:\Program Files\MiKTeX 2.9\tex\latex\ams\math\amsbsy.sty"
Package: amsbsy 1999/11/29 v1.2d
\pmbraise@=\dimen144
)
("C:\Program Files\MiKTeX 2.9\tex\latex\ams\math\amsopn.sty"
Package: amsopn 1999/12/14 v2.01 operator names
)
\inf@bad=\count123
LaTeX Info: Redefining \frac on input line 211.
\uproot@=\count124
\leftroot@=\count125
LaTeX Info: Redefining \overline on input line 307.
\classnum@=\count126
\DOTSCASE@=\count127
LaTeX Info: Redefining \ldots on input line 379.
LaTeX Info: Redefining \dots on input line 382.
LaTeX Info: Redefining \cdots on input line 467.
\Mathstrutbox@=\box32
\strutbox@=\box33
\big@size=\dimen145
LaTeX Font Info:    Redeclaring font encoding OML on input line 567.
LaTeX Font Info:    Redeclaring font encoding OMS on input line 568.
\macc@depth=\count128
\c@MaxMatrixCols=\count129
\dotsspace@=\muskip11
\c@parentequation=\count130
\dspbrk@lvl=\count131
\tag@help=\toks21
\row@=\count132
\column@=\count133
\maxfields@=\count134
\andhelp@=\toks22
\eqnshift@=\dimen146
\alignsep@=\dimen147
\tagshift@=\dimen148
\tagwidth@=\dimen149
\totwidth@=\dimen150
\lineht@=\dimen151
\@envbody=\toks23
\multlinegap=\skip59
\multlinetaggap=\skip60
\mathdisplay@stack=\toks24
LaTeX Info: Redefining \[ on input line 2666.
LaTeX Info: Redefining \] on input line 2667.
)
("C:\Program Files\MiKTeX 2.9\tex\latex\amsfonts\amssymb.sty"
Package: amssymb 2009/06/22 v3.00

("C:\Program Files\MiKTeX 2.9\tex\latex\amsfonts\amsfonts.sty"
Package: amsfonts 2009/06/22 v3.00 Basic AMSFonts support
\symAMSa=\mathgroup4
\symAMSb=\mathgroup5
LaTeX Font Info:    Overwriting math alphabet `\mathfrak' in version `bold'
(Font)                  U/euf/m/n --> U/euf/b/n on input line 96.
))
("C:\Program Files\MiKTeX 2.9\tex\latex\hyperref\hyperref.sty"
Package: hyperref 2010/09/17 v6.81q Hypertext links for LaTeX

("C:\Program Files\MiKTeX 2.9\tex\generic\oberdiek\ltxcmds.sty"
Package: ltxcmds 2010/04/26 v1.7 LaTeX kernel commands for general use (HO)
)
("C:\Program Files\MiKTeX 2.9\tex\generic\oberdiek\infwarerr.sty"
Package: infwarerr 2010/04/08 v1.3 Providing info/warning/message (HO)
)
("C:\Program Files\MiKTeX 2.9\tex\generic\oberdiek\kvsetkeys.sty"
Package: kvsetkeys 2010/03/01 v1.9 Key value parser (HO)

("C:\Program Files\MiKTeX 2.9\tex\generic\oberdiek\etexcmds.sty"
Package: etexcmds 2010/01/28 v1.3 Prefix for e-TeX command names (HO)
Package etexcmds Info: Could not find \expanded.
(etexcmds)             That can mean that you are not using pdfTeX 1.50 or
(etexcmds)             that some package has redefined \expanded.
(etexcmds)             In the latter case, load this package earlier.
))
("C:\Program Files\MiKTeX 2.9\tex\generic\oberdiek\pdfescape.sty"
Package: pdfescape 2010/03/01 v1.9 Provides hex, PDF name and string conversion
s (HO)

("C:\Program Files\MiKTeX 2.9\tex\generic\oberdiek\pdftexcmds.sty"
Package: pdftexcmds 2010/04/01 v0.9 Utility functions of pdfTeX for LuaTeX (HO)


("C:\Program Files\MiKTeX 2.9\tex\generic\oberdiek\ifluatex.sty"
Package: ifluatex 2010/03/01 v1.3 Provides the ifluatex switch (HO)
Package ifluatex Info: LuaTeX not detected.
)
Package pdftexcmds Info: LuaTeX not detected.
Package pdftexcmds Info: \pdf@primitive is available.
Package pdftexcmds Info: \pdf@ifprimitive is available.
))
("C:\Program Files\MiKTeX 2.9\tex\latex\oberdiek\hycolor.sty"
Package: hycolor 2009/12/12 v1.6 Color options of hyperref/bookmark (HO)

("C:\Program Files\MiKTeX 2.9\tex\latex\oberdiek\xcolor-patch.sty"
Package: xcolor-patch 2009/12/12 xcolor patch
))
("C:\Program Files\MiKTeX 2.9\tex\latex\oberdiek\letltxmacro.sty"
Package: letltxmacro 2008/06/24 v1.3 Let assignment for LaTeX macros (HO)
)
("C:\Program Files\MiKTeX 2.9\tex\latex\oberdiek\kvoptions.sty"
Package: kvoptions 2010/02/22 v3.7 Keyval support for LaTeX options (HO)
)
\@linkdim=\dimen152
\Hy@linkcounter=\count135
\Hy@pagecounter=\count136

("C:\Program Files\MiKTeX 2.9\tex\latex\hyperref\pd1enc.def"
File: pd1enc.def 2010/09/17 v6.81q Hyperref: PDFDocEncoding definition (HO)
Now handling font encoding PD1 ...
... no UTF-8 mapping file for font encoding PD1
)
("C:\Program Files\MiKTeX 2.9\tex\generic\oberdiek\intcalc.sty"
Package: intcalc 2007/09/27 v1.1 Expandable integer calculations (HO)
)
\Hy@SavedSpaceFactor=\count137

("C:\Program Files\MiKTeX 2.9\tex\latex\00miktex\hyperref.cfg"
File: hyperref.cfg 2002/06/06 v1.2 hyperref configuration of TeXLive
)
Package hyperref Info: Hyper figures OFF on input line 3902.
Package hyperref Info: Link nesting OFF on input line 3907.
Package hyperref Info: Hyper index ON on input line 3910.
Package hyperref Info: Plain pages OFF on input line 3917.
Package hyperref Info: Backreferencing OFF on input line 3922.
Package hyperref Info: Implicit mode ON; LaTeX internals redefined.
Package hyperref Info: Bookmarks ON on input line 4132.
\c@Hy@tempcnt=\count138
LaTeX Info: Redefining \url on input line 4487.

("C:\Program Files\MiKTeX 2.9\tex\generic\oberdiek\bitset.sty"
Package: bitset 2007/09/28 v1.0 Data type bit set (HO)

("C:\Program Files\MiKTeX 2.9\tex\generic\oberdiek\bigintcalc.sty"
Package: bigintcalc 2007/11/11 v1.1 Expandable big integer calculations (HO)
))
\Fld@menulength=\count139
\Field@Width=\dimen153
\Fld@charsize=\dimen154
Package hyperref Info: Hyper figures OFF on input line 5526.
Package hyperref Info: Link nesting OFF on input line 5531.
Package hyperref Info: Hyper index ON on input line 5534.
Package hyperref Info: backreferencing OFF on input line 5541.
Package hyperref Info: Link coloring OFF on input line 5546.
Package hyperref Info: Link coloring with OCG OFF on input line 5551.
Package hyperref Info: PDF/A mode OFF on input line 5556.
LaTeX Info: Redefining \ref on input line 5596.
LaTeX Info: Redefining \pageref on input line 5600.

("C:\Program Files\MiKTeX 2.9\tex\generic\oberdiek\atbegshi.sty"
Package: atbegshi 2010/03/25 v1.12 At begin shipout hook (HO)
)
\Hy@abspage=\count140
\c@Item=\count141
\c@Hfootnote=\count142
)

Package hyperref Message: Driver (autodetected): hpdftex.

("C:\Program Files\MiKTeX 2.9\tex\latex\hyperref\hpdftex.def"
File: hpdftex.def 2010/09/17 v6.81q Hyperref driver for pdfTeX

("C:\Program Files\MiKTeX 2.9\tex\latex\oberdiek\atveryend.sty"
Package: atveryend 2010/03/24 v1.5 Hooks at very end of document (HO)
Package atveryend Info: \enddocument detected (standard).
)
\Fld@listcount=\count143
\c@bookmark@seq@number=\count144

("C:\Program Files\MiKTeX 2.9\tex\latex\oberdiek\rerunfilecheck.sty"
Package: rerunfilecheck 2010/03/16 v1.6 Rerun checks for auxiliary files (HO)

("C:\Program Files\MiKTeX 2.9\tex\generic\oberdiek\uniquecounter.sty"
Package: uniquecounter 2009/12/18 v1.1 Provides unlimited unique counter (HO)
)
Package uniquecounter Info: New unique counter `rerunfilecheck' on input line 2
71.
)
\Hy@SectionHShift=\skip61
)
\c@subsubsubsection=\count145

(D:\DHBW_Sem6\Studienarbeit\party-licht-steuerung\Tex\Projektarbeit.aux
(D:\DHBW_Sem6\Studienarbeit\party-licht-steuerung\Tex\Deckblatt.aux)
(D:\DHBW_Sem6\Studienarbeit\party-licht-steuerung\Tex\Einleitung.aux)
(D:\DHBW_Sem6\Studienarbeit\party-licht-steuerung\Tex\Literatur.aux)
(D:\DHBW_Sem6\Studienarbeit\party-licht-steuerung\Tex\Anhang.aux

LaTeX Warning: Label `fig:a7' multiply defined.

) (D:\DHBW_Sem6\Studienarbeit\party-licht-steuerung\Tex\Erklaerung.aux))
LaTeX Font Info:    Checking defaults for OML/cmm/m/it on input line 92.
LaTeX Font Info:    ... okay on input line 92.
LaTeX Font Info:    Checking defaults for T1/cmr/m/n on input line 92.
LaTeX Font Info:    ... okay on input line 92.
LaTeX Font Info:    Checking defaults for OT1/cmr/m/n on input line 92.
LaTeX Font Info:    ... okay on input line 92.
LaTeX Font Info:    Checking defaults for OMS/cmsy/m/n on input line 92.
LaTeX Font Info:    ... okay on input line 92.
LaTeX Font Info:    Checking defaults for OMX/cmex/m/n on input line 92.
LaTeX Font Info:    ... okay on input line 92.
LaTeX Font Info:    Checking defaults for U/cmr/m/n on input line 92.
LaTeX Font Info:    ... okay on input line 92.
LaTeX Font Info:    Checking defaults for PD1/pdf/m/n on input line 92.
LaTeX Font Info:    ... okay on input line 92.

*geometry* driver: auto-detecting
*geometry* detected driver: pdftex
*geometry* verbose mode - [ preamble ] result:
* driver: pdftex
* paper: a4paper
* layout: <same size as paper>
* layoutoffset:(h,v)=(0.0pt,0.0pt)
* modes: 
* h-part:(L,W,R)=(71.13188pt, 469.47049pt, 56.9055pt)
* v-part:(T,H,B)=(71.13188pt, 702.78308pt, 71.13188pt)
* \paperwidth=597.50787pt
* \paperheight=845.04684pt
* \textwidth=469.47049pt
* \textheight=702.78308pt
* \oddsidemargin=-1.1381pt
* \evensidemargin=-1.1381pt
* \topmargin=-38.1381pt
* \headheight=12.0pt
* \headsep=25.0pt
* \topskip=12.0pt
* \footskip=30.0pt
* \marginparwidth=35.0pt
* \marginparsep=10.0pt
* \columnsep=10.0pt
* \skip\footins=10.8pt plus 4.0pt minus 2.0pt
* \hoffset=0.0pt
* \voffset=0.0pt
* \mag=1000
* \@twocolumnfalse
* \@twosidefalse
* \@mparswitchfalse
* \@reversemarginfalse
* (1in=72.27pt=25.4mm, 1cm=28.453pt)

("C:\Program Files\MiKTeX 2.9\tex\context\base\supp-pdf.mkii"
[Loading MPS to PDF converter (version 2006.09.02).]
\scratchcounter=\count146
\scratchdimen=\dimen155
\scratchbox=\box34
\nofMPsegments=\count147
\nofMParguments=\count148
\everyMPshowfont=\toks25
\MPscratchCnt=\count149
\MPscratchDim=\dimen156
\MPnumerator=\count150
\everyMPtoPDFconversion=\toks26
)

bibgerm.sty: babel.sty detected

\c@lstlisting=\count151
\AtBeginShipoutBox=\box35
Package hyperref Info: Link coloring OFF on input line 92.
("C:\Program Files\MiKTeX 2.9\tex\latex\hyperref\nameref.sty"
Package: nameref 2010/04/30 v2.40 Cross-referencing by name of section

("C:\Program Files\MiKTeX 2.9\tex\latex\oberdiek\refcount.sty"
Package: refcount 2008/08/11 v3.1 Data extraction from references (HO)
)
("C:\Program Files\MiKTeX 2.9\tex\generic\oberdiek\gettitlestring.sty"
Package: gettitlestring 2009/12/18 v1.3 Cleanup title references (HO)
)
\c@section@level=\count152
)
LaTeX Info: Redefining \ref on input line 92.
LaTeX Info: Redefining \pageref on input line 92.
LaTeX Info: Redefining \nameref on input line 92.

(D:\DHBW_Sem6\Studienarbeit\party-licht-steuerung\Tex\Projektarbeit.out)
(D:\DHBW_Sem6\Studienarbeit\party-licht-steuerung\Tex\Projektarbeit.out)
\@outlinefile=\write3

(D:\DHBW_Sem6\Studienarbeit\party-licht-steuerung\Tex\Deckblatt.tex
*geometry* verbose mode - [ newgeometry ] result:
* driver: pdftex
* paper: a4paper
* layout: <same size as paper>
* layoutoffset:(h,v)=(0.0pt,0.0pt)
* modes: 
* h-part:(L,W,R)=(56.9055pt, 483.69687pt, 56.9055pt)
* v-part:(T,H,B)=(56.9055pt, 731.23584pt, 56.9055pt)
* \paperwidth=597.50787pt
* \paperheight=845.04684pt
* \textwidth=483.69687pt
* \textheight=731.23584pt
* \oddsidemargin=-15.36449pt
* \evensidemargin=-15.36449pt
* \topmargin=-52.36449pt
* \headheight=12.0pt
* \headsep=25.0pt
* \topskip=12.0pt
* \footskip=30.0pt
* \marginparwidth=35.0pt
* \marginparsep=10.0pt
* \columnsep=10.0pt
* \skip\footins=10.8pt plus 4.0pt minus 2.0pt
* \hoffset=0.0pt
* \voffset=0.0pt
* \mag=1000
* \@twocolumnfalse
* \@twosidefalse
* \@mparswitchfalse
* \@reversemarginfalse
* (1in=72.27pt=25.4mm, 1cm=28.453pt)


<Pics/DHBW.png, id=252, 177.66376pt x 87.32625pt>
File: Pics/DHBW.png Graphic file (type png)
 <use Pics/DHBW.png>
<Pics/Kurtz.png, id=253, 117.43875pt x 102.3825pt>
File: Pics/Kurtz.png Graphic file (type png)
 <use Pics/Kurtz.png>
LaTeX Font Info:    Font shape `T1/phv/bx/n' in size <17.28> not available
(Font)              Font shape `T1/phv/b/n' tried instead on input line 10.
LaTeX Font Info:    Font shape `T1/phv/bx/n' in size <14.4> not available
(Font)              Font shape `T1/phv/b/n' tried instead on input line 11.
LaTeX Font Info:    Font shape `T1/phv/bx/n' in size <12> not available
(Font)              Font shape `T1/phv/b/n' tried instead on input line 16.

[1



{C:/ProgramData/MiKTeX/2.9/pdftex/config/pdftex.map} <D:/DHBW_Sem6/Studienarbei
t/party-licht-steuerung/Tex/Pics/DHBW.png (PNG copy)> <D:/DHBW_Sem6/Studienarbe
it/party-licht-steuerung/Tex/Pics/Kurtz.png (PNG copy)>])
(D:\DHBW_Sem6\Studienarbeit\party-licht-steuerung\Tex\Kurzzusammenfassung.tex)
(D:\DHBW_Sem6\Studienarbeit\party-licht-steuerung\Tex\Abstract.tex)pdfTeX warni
ng (ext4): destination with the same identifier (name{page.A}) has been already
 used, duplicate ignored
<to be read again> 
                   \relax 
l.107 \newpage
               [1


]
(D:\DHBW_Sem6\Studienarbeit\party-licht-steuerung\Tex\Projektarbeit.toc
LaTeX Font Info:    Try loading font information for U+msa on input line 6.

("C:\Program Files\MiKTeX 2.9\tex\latex\amsfonts\umsa.fd"
File: umsa.fd 2009/06/22 v3.00 AMS symbols A
)
LaTeX Font Info:    Try loading font information for U+msb on input line 6.

("C:\Program Files\MiKTeX 2.9\tex\latex\amsfonts\umsb.fd"
File: umsb.fd 2009/06/22 v3.00 AMS symbols B
) [1] [2])
\tf@toc=\write4
 [3]
(D:\DHBW_Sem6\Studienarbeit\party-licht-steuerung\Tex\Projektarbeit.lof)
\tf@lof=\write5

[4]
\@nomenclaturefile=\write6

Writing nomenclature file Projektarbeit.nlo
(D:\DHBW_Sem6\Studienarbeit\party-licht-steuerung\Tex\Projektarbeit.nls)
[5] (D:\DHBW_Sem6\Studienarbeit\party-licht-steuerung\Tex\Einleitung.tex
<Pics/Oberflaeche001.png, id=398, 886.31125pt x 392.46625pt>
File: Pics/Oberflaeche001.png Graphic file (type png)

<use Pics/Oberflaeche001.png>

Package Fancyhdr Warning: \headheight is too small (12.0pt): 
 Make it at least 14.49998pt.
 We now make it that large for the rest of the document.
 This may cause the page layout to be inconsistent, however.

[1

]) [2 <D:/DHBW_Sem6/Studienarbeit/party-licht-steuerung/Tex/Pics/Oberflaeche001
.png (PNG copy)>]
(D:\DHBW_Sem6\Studienarbeit\party-licht-steuerung\Tex\Hauptteil.tex
<Pics/demo01.png, id=414, 674.52pt x 265.99374pt>
File: Pics/demo01.png Graphic file (type png)
 <use Pics/demo01.png>
[3

]
LaTeX Font Info:    Try loading font information for OMS+phv on input line 42.
 ("C:\Program Files\MiKTeX 2.9\tex\latex\psnfss\omsphv.fd"
File: omsphv.fd 
)
LaTeX Font Info:    Font shape `OMS/phv/m/n' in size <12> not available
(Font)              Font shape `OMS/cmsy/m/n' tried instead on input line 42.
 [4 <D:/DHBW_Sem6/Studienarbeit/party-licht-steuerung/Tex/Pics/demo01.png (PNG 
copy)>] [5]
LaTeX Font Info:    Font shape `T1/phv/m/it' in size <12> not available
(Font)              Font shape `T1/phv/m/sl' tried instead on input line 109.

[6] <Pics/play-flowchart.jpeg, id=444, 670.505pt x 968.61874pt>
File: Pics/play-flowchart.jpeg Graphic file (type jpg)

<use Pics/play-flowchart.jpeg>
<Pics/play-dataflow.jpeg, id=446, 780.9175pt x 301.125pt>
File: Pics/play-dataflow.jpeg Graphic file (type jpg)

<use Pics/play-dataflow.jpeg> [7]

LaTeX Warning: Text page 8 contains only floats.

[8 <D:/DHBW_Sem6/Studienarbeit/party-licht-steuerung/Tex/Pics/play-flowchart.jp
eg>] [9 <D:/DHBW_Sem6/Studienarbeit/party-licht-steuerung/Tex/Pics/play-dataflo
w.jpeg>] <Pics/ueberblick004.png, id=461, 1161.33875pt x 767.86874pt>
File: Pics/ueberblick004.png Graphic file (type png)

<use Pics/ueberblick004.png> [10 <D:/DHBW_Sem6/Studienarbeit/party-licht-steuer
ung/Tex/Pics/ueberblick004.png>]
<Pics/front-stop.png, id=472, 601.24625pt x 240.9pt>
File: Pics/front-stop.png Graphic file (type png)
 <use Pics/front-stop.png>
[11 <D:/DHBW_Sem6/Studienarbeit/party-licht-steuerung/Tex/Pics/front-stop.png (
PNG copy)>] [12] <Pics/record.png, id=488, 595.22375pt x 514.92375pt>
File: Pics/record.png Graphic file (type png)

<use Pics/record.png> [13]
<Pics/timing.png, id=495, 455.45157pt x 398.99063pt>
File: Pics/timing.png Graphic file (type png)
 <use Pics/timing.png>

LaTeX Warning: `!h' float specifier changed to `!ht'.

[14 <D:/DHBW_Sem6/Studienarbeit/party-licht-steuerung/Tex/Pics/record.png (PNG 
copy)>] [15 <D:/DHBW_Sem6/Studienarbeit/party-licht-steuerung/Tex/Pics/timing.p
ng>] [16] [17]
Overfull \hbox (2.47537pt too wide) in paragraph at lines 399--432
 [][] 
 []

[18] <Pics/test04.png, id=527, 998.73125pt x 450.68375pt>
File: Pics/test04.png Graphic file (type png)

<use Pics/test04.png> [19] [20 <D:/DHBW_Sem6/Studienarbeit/party-licht-steuerun
g/Tex/Pics/test04.png (PNG copy)>] [21]
<Pics/pci6723.jpg, id=550, 96.36pt x 70.1019pt>
File: Pics/pci6723.jpg Graphic file (type jpg)
 <use Pics/pci6723.jpg>)
[22 <D:/DHBW_Sem6/Studienarbeit/party-licht-steuerung/Tex/Pics/pci6723.jpg>]
(D:\DHBW_Sem6\Studienarbeit\party-licht-steuerung\Tex\Literatur.tex
(D:\DHBW_Sem6\Studienarbeit\party-licht-steuerung\Tex\Projektarbeit.bbl
LaTeX Font Info:    Try loading font information for T1+cmtt on input line 10.

("C:\Program Files\MiKTeX 2.9\tex\latex\base\t1cmtt.fd"
File: t1cmtt.fd 1999/05/25 v2.5h Standard LaTeX font definitions
)
Underfull \hbox (badness 2057) in paragraph at lines 50--53
[]\T1/phv/m/sc/12 Samochodow, Mar-ki\T1/phv/m/n/12 : \T1/phv/m/sl/12 Low Le-vel
 Vir-tu-al Ma-chi-ne\T1/phv/m/n/12 .  []$\T1/cmtt/m/n/12 http : / / www . opel 
.
 []


Underfull \hbox (badness 10000) in paragraph at lines 55--59
[]\T1/phv/m/sc/12 Wikipedia\T1/phv/m/n/12 : \T1/phv/m/sl/12 Race Con-di-ti-on\T
1/phv/m/n/12 .  []$\T1/cmtt/m/n/12 http : / / de . wikipedia . org / wiki / Rac
e _
 []


Underfull \hbox (badness 6758) in paragraph at lines 55--59
\T1/cmtt/m/n/12 Condition$[]\T1/phv/m/n/12 , 2011.  Zu-griff am 7.6.2011 um 13:
03 in Da-tei \T1/phv/m/sl/12 wiki-
 []

)) [23

] (D:\DHBW_Sem6\Studienarbeit\party-licht-steuerung\Tex\Anhang.tex
(D:\DHBW_Sem6\Studienarbeit\party-licht-steuerung\Tex\Projektarbeit.lot)
\tf@lot=\write7

[24


] <Pics/init.png, id=596, 1019.81pt x 338.26375pt>
File: Pics/init.png Graphic file (type png)
 <use Pics/init.png>
[25 <D:/DHBW_Sem6/Studienarbeit/party-licht-steuerung/Tex/Pics/init.png (PNG co
py)>] <Pics/shutdown.png, id=601, 622.325pt x 107.40125pt>
File: Pics/shutdown.png Graphic file (type png)

<use Pics/shutdown.png>
<Pics/init-front.png, id=602, 761.84625pt x 266.9975pt>
File: Pics/init-front.png Graphic file (type png)

<use Pics/init-front.png>
<Pics/front-auswahl.png, id=603, 166.6225pt x 73.27374pt>
File: Pics/front-auswahl.png Graphic file (type png)

<use Pics/front-auswahl.png> [26 <D:/DHBW_Sem6/Studienarbeit/party-licht-steuer
ung/Tex/Pics/shutdown.png (PNG copy)> <D:/DHBW_Sem6/Studienarbeit/party-licht-s
teuerung/Tex/Pics/init-front.png (PNG copy)> <D:/DHBW_Sem6/Studienarbeit/party-
licht-steuerung/Tex/Pics/front-auswahl.png (PNG copy)>]
<Pics/front-deaktivieren.png, id=608, 232.87pt x 104.39pt>
File: Pics/front-deaktivieren.png Graphic file (type png)

<use Pics/front-deaktivieren.png>
<Pics/front-updateCue.png, id=609, 301.125pt x 147.55125pt>
File: Pics/front-updateCue.png Graphic file (type png)

<use Pics/front-updateCue.png> [27 <D:/DHBW_Sem6/Studienarbeit/party-licht-steu
erung/Tex/Pics/front-deaktivieren.png (PNG copy)> <D:/DHBW_Sem6/Studienarbeit/p
arty-licht-steuerung/Tex/Pics/front-updateCue.png (PNG copy)>]
<Pics/front-kanale.png, id=614, 601.24625pt x 240.9pt>
File: Pics/front-kanale.png Graphic file (type png)

<use Pics/front-kanale.png> <Pics/zeit.png, id=615, 586.19pt x 260.975pt>
File: Pics/zeit.png Graphic file (type png)

<use Pics/zeit.png> [28 <D:/DHBW_Sem6/Studienarbeit/party-licht-steuerung/Tex/P
ics/front-kanale.png (PNG copy)> <D:/DHBW_Sem6/Studienarbeit/party-licht-steuer
ung/Tex/Pics/zeit.png (PNG copy)>]
<Pics/automat-fade.png, id=620, 987.69pt x 468.75125pt>
File: Pics/automat-fade.png Graphic file (type png)

<use Pics/automat-fade.png> [29 <D:/DHBW_Sem6/Studienarbeit/party-licht-steueru
ng/Tex/Pics/automat-fade.png>]
<Pics/stop.png, id=626, 596.2275pt x 514.92375pt>
File: Pics/stop.png Graphic file (type png)
 <use Pics/stop.png>
<Pics/speichern.png, id=627, 430.60875pt x 119.44624pt>
File: Pics/speichern.png Graphic file (type png)

<use Pics/speichern.png> <Pics/laden.png, id=628, 415.5525pt x 232.87pt>
File: Pics/laden.png Graphic file (type png)

<use Pics/laden.png> [30 <D:/DHBW_Sem6/Studienarbeit/party-licht-steuerung/Tex/
Pics/stop.png (PNG copy)> <D:/DHBW_Sem6/Studienarbeit/party-licht-steuerung/Tex
/Pics/speichern.png (PNG copy)>]
<Pics/fehler.png, id=634, 646.415pt x 356.33125pt>
File: Pics/fehler.png Graphic file (type png)
 <use Pics/fehler.png>
[31 <D:/DHBW_Sem6/Studienarbeit/party-licht-steuerung/Tex/Pics/laden.png (PNG c
opy)> <D:/DHBW_Sem6/Studienarbeit/party-licht-steuerung/Tex/Pics/fehler.png (PN
G copy)>] <Pics/PLS-Main-all.png, id=639, 2185.16376pt x 779.91376pt>
File: Pics/PLS-Main-all.png Graphic file (type png)

<use Pics/PLS-Main-all.png>) [32 <D:/DHBW_Sem6/Studienarbeit/party-licht-steuer
ung/Tex/Pics/PLS-Main-all.png (PNG copy)>]
(D:\DHBW_Sem6\Studienarbeit\party-licht-steuerung\Tex\Erklaerung.tex
Underfull \hbox (badness 10000) in paragraph at lines 26--27

 []

) [33


]
Package atveryend Info: Empty hook `BeforeClearDocument' on input line 162.
Package atveryend Info: Empty hook `AfterLastShipout' on input line 162.
 (D:\DHBW_Sem6\Studienarbeit\party-licht-steuerung\Tex\Projektarbeit.aux
(D:\DHBW_Sem6\Studienarbeit\party-licht-steuerung\Tex\Deckblatt.aux)
(D:\DHBW_Sem6\Studienarbeit\party-licht-steuerung\Tex\Einleitung.aux)
(D:\DHBW_Sem6\Studienarbeit\party-licht-steuerung\Tex\Literatur.aux)
(D:\DHBW_Sem6\Studienarbeit\party-licht-steuerung\Tex\Anhang.aux)
(D:\DHBW_Sem6\Studienarbeit\party-licht-steuerung\Tex\Erklaerung.aux))
Package atveryend Info: Executing hook `AtVeryEndDocument' on input line 162.
Package rerunfilecheck Info: File `Projektarbeit.out' has not changed.
(rerunfilecheck)             Checksum: 3C9E6FB150B9355F9E5A6EA5A86630BB;4726.


LaTeX Warning: There were multiply-defined labels.

 ) 
Here is how much of TeX's memory you used:
 9924 strings out of 494019
 141097 string characters out of 3146504
 239560 words of memory out of 3000000
 12787 multiletter control sequences out of 15000+200000
 42467 words of font info for 62 fonts, out of 3000000 for 9000
 714 hyphenation exceptions out of 8191
 31i,12n,43p,629b,613s stack positions out of 5000i,500n,10000p,200000b,50000s
 <C:\Users\Hua\AppData\Local\MiKTeX\2.9\fonts\pk\ljfour\jknappen\ec\dpi600\ec
tt1200.pk>{C:/Program Files/MiKTeX 2.9/fonts/enc/dvips/fontname/8r.enc}<C:/Prog
ram Files/MiKTeX 2.9/fonts/type1/public/amsfonts/cm/cmmi12.pfb><C:/Program File
s/MiKTeX 2.9/fonts/type1/public/amsfonts/cm/cmr12.pfb><C:/Program Files/MiKTeX 
2.9/fonts/type1/public/amsfonts/cm/cmr8.pfb><C:/Program Files/MiKTeX 2.9/fonts/
type1/public/amsfonts/cm/cmsy10.pfb><C:/Program Files/MiKTeX 2.9/fonts/type1/ur
w/helvetic/uhvb8a.pfb><C:/Program Files/MiKTeX 2.9/fonts/type1/urw/helvetic/uhv
r8a.pfb><C:/Program Files/MiKTeX 2.9/fonts/type1/urw/helvetic/uhvro8a.pfb>
Output written on Projektarbeit.pdf (40 pages, 901804 bytes).
PDF statistics:
 744 PDF objects out of 1000 (max. 8388607)
 135 named destinations out of 1000 (max. 500000)
 635 words of extra memory for PDF output out of 10000 (max. 10000000)

